-------------------------------------------------------------------------------
Test set: Service.SecurityServiceTest
-------------------------------------------------------------------------------
Tests run: 13, Failures: 0, Errors: 13, Skipped: 0, Time elapsed: 0.727 s <<< FAILURE! - in Service.SecurityServiceTest
Service.SecurityServiceTest.changeSensorActivationStatus_activated_pending_toAlarm  Time elapsed: 0.625 s  <<< ERROR!
org.mockito.exceptions.base.MockitoException: Problems setting field mockedSecurityRepository annotated with @org.mockito.Mock(name="", stubOnly=false, extraInterfaces={}, answer=RETURNS_DEFAULTS, serializable=false, lenient=false)
Caused by: java.lang.IllegalAccessException: class org.mockito.internal.util.reflection.ReflectionMemberAccessor cannot access a member of class Service.SecurityServiceTest (in module SecurityService) with modifiers "private"

Service.SecurityServiceTest.processImage_cat_armedHome_toAlarm  Time elapsed: 0.002 s  <<< ERROR!
org.mockito.exceptions.base.MockitoException: Problems setting field mockedSecurityRepository annotated with @org.mockito.Mock(name="", stubOnly=false, extraInterfaces={}, answer=RETURNS_DEFAULTS, serializable=false, lenient=false)
Caused by: java.lang.IllegalAccessException: class org.mockito.internal.util.reflection.ReflectionMemberAccessor cannot access a member of class Service.SecurityServiceTest (in module SecurityService) with modifiers "private"

Service.SecurityServiceTest.handleSensorDeactivated_pending_deactivated_toNoAlarm  Time elapsed: 0.001 s  <<< ERROR!
org.mockito.exceptions.base.MockitoException: Problems setting field mockedSecurityRepository annotated with @org.mockito.Mock(name="", stubOnly=false, extraInterfaces={}, answer=RETURNS_DEFAULTS, serializable=false, lenient=false)
Caused by: java.lang.IllegalAccessException: class org.mockito.internal.util.reflection.ReflectionMemberAccessor cannot access a member of class Service.SecurityServiceTest (in module SecurityService) with modifiers "private"

Service.SecurityServiceTest.aboutRest  Time elapsed: 0.001 s  <<< ERROR!
org.mockito.exceptions.base.MockitoException: Problems setting field mockedSecurityRepository annotated with @org.mockito.Mock(name="", stubOnly=false, extraInterfaces={}, answer=RETURNS_DEFAULTS, serializable=false, lenient=false)
Caused by: java.lang.IllegalAccessException: class org.mockito.internal.util.reflection.ReflectionMemberAccessor cannot access a member of class Service.SecurityServiceTest (in module SecurityService) with modifiers "private"

Service.SecurityServiceTest.handleSensorActivated_armed_sensorActivated_alarmPending_toAlarm  Time elapsed: 0.001 s  <<< ERROR!
org.mockito.exceptions.base.MockitoException: Problems setting field mockedSecurityRepository annotated with @org.mockito.Mock(name="", stubOnly=false, extraInterfaces={}, answer=RETURNS_DEFAULTS, serializable=false, lenient=false)
Caused by: java.lang.IllegalAccessException: class org.mockito.internal.util.reflection.ReflectionMemberAccessor cannot access a member of class Service.SecurityServiceTest (in module SecurityService) with modifiers "private"

Service.SecurityServiceTest.handleSensorActivated_armed_sensorActivated_toPending  Time elapsed: 0.001 s  <<< ERROR!
org.mockito.exceptions.base.MockitoException: Problems setting field mockedSecurityRepository annotated with @org.mockito.Mock(name="", stubOnly=false, extraInterfaces={}, answer=RETURNS_DEFAULTS, serializable=false, lenient=false)
Caused by: java.lang.IllegalAccessException: class org.mockito.internal.util.reflection.ReflectionMemberAccessor cannot access a member of class Service.SecurityServiceTest (in module SecurityService) with modifiers "private"

Service.SecurityServiceTest.setArmingStatus_setArmed_toSensorsInactive  Time elapsed: 0.001 s  <<< ERROR!
org.mockito.exceptions.base.MockitoException: Problems setting field mockedSecurityRepository annotated with @org.mockito.Mock(name="", stubOnly=false, extraInterfaces={}, answer=RETURNS_DEFAULTS, serializable=false, lenient=false)
Caused by: java.lang.IllegalAccessException: class org.mockito.internal.util.reflection.ReflectionMemberAccessor cannot access a member of class Service.SecurityServiceTest (in module SecurityService) with modifiers "private"

Service.SecurityServiceTest.processImage_noCat_inAcitive_toNoAlarm  Time elapsed: 0.002 s  <<< ERROR!
org.mockito.exceptions.base.MockitoException: Problems setting field mockedSecurityRepository annotated with @org.mockito.Mock(name="", stubOnly=false, extraInterfaces={}, answer=RETURNS_DEFAULTS, serializable=false, lenient=false)
Caused by: java.lang.IllegalAccessException: class org.mockito.internal.util.reflection.ReflectionMemberAccessor cannot access a member of class Service.SecurityServiceTest (in module SecurityService) with modifiers "private"

Service.SecurityServiceTest.setArmingStatus_cat_ArmedHome_toAlarm  Time elapsed: 0.002 s  <<< ERROR!
org.mockito.exceptions.base.MockitoException: Problems setting field mockedSecurityRepository annotated with @org.mockito.Mock(name="", stubOnly=false, extraInterfaces={}, answer=RETURNS_DEFAULTS, serializable=false, lenient=false)
Caused by: java.lang.IllegalAccessException: class org.mockito.internal.util.reflection.ReflectionMemberAccessor cannot access a member of class Service.SecurityServiceTest (in module SecurityService) with modifiers "private"

Service.SecurityServiceTest.changeSensorActivationStatus_inactive_NotChangeAlarm  Time elapsed: 0.002 s  <<< ERROR!
org.mockito.exceptions.base.MockitoException: Problems setting field mockedSecurityRepository annotated with @org.mockito.Mock(name="", stubOnly=false, extraInterfaces={}, answer=RETURNS_DEFAULTS, serializable=false, lenient=false)
Caused by: java.lang.IllegalAccessException: class org.mockito.internal.util.reflection.ReflectionMemberAccessor cannot access a member of class Service.SecurityServiceTest (in module SecurityService) with modifiers "private"

Service.SecurityServiceTest.changeSensorActivationStatus_actived_notChangealarm(Boolean)[1]  Time elapsed: 0.002 s  <<< ERROR!
org.mockito.exceptions.base.MockitoException: Problems setting field mockedSecurityRepository annotated with @org.mockito.Mock(name="", stubOnly=false, extraInterfaces={}, answer=RETURNS_DEFAULTS, serializable=false, lenient=false)
Caused by: java.lang.IllegalAccessException: class org.mockito.internal.util.reflection.ReflectionMemberAccessor cannot access a member of class Service.SecurityServiceTest (in module SecurityService) with modifiers "private"

Service.SecurityServiceTest.changeSensorActivationStatus_actived_notChangealarm(Boolean)[2]  Time elapsed: 0.001 s  <<< ERROR!
org.mockito.exceptions.base.MockitoException: Problems setting field mockedSecurityRepository annotated with @org.mockito.Mock(name="", stubOnly=false, extraInterfaces={}, answer=RETURNS_DEFAULTS, serializable=false, lenient=false)
Caused by: java.lang.IllegalAccessException: class org.mockito.internal.util.reflection.ReflectionMemberAccessor cannot access a member of class Service.SecurityServiceTest (in module SecurityService) with modifiers "private"

Service.SecurityServiceTest.setArmingStatus_setDisarmed_toNoAlarm  Time elapsed: 0 s  <<< ERROR!
org.mockito.exceptions.base.MockitoException: Problems setting field mockedSecurityRepository annotated with @org.mockito.Mock(name="", stubOnly=false, extraInterfaces={}, answer=RETURNS_DEFAULTS, serializable=false, lenient=false)
Caused by: java.lang.IllegalAccessException: class org.mockito.internal.util.reflection.ReflectionMemberAccessor cannot access a member of class Service.SecurityServiceTest (in module SecurityService) with modifiers "private"

